wear/build/intermediates/manifest_merge_blame_file/debug/processDebugMainManifest/manifest-merger-blame-debug-report.txt
1<?xml version="1.0" encoding="utf-8"?>
2<manifest xmlns:android="http://schemas.android.com/apk/res/android"
3    package="com.pbess.qrphotostudioultra.seizuredetector.wear"
4    android:versionCode="1"
5    android:versionName="1.0" >
6
7    <uses-sdk
7-->INJECTED
8        android:minSdkVersion="26"
8-->INJECTED
9        android:targetSdkVersion="36" />
9-->INJECTED
10
11    <uses-feature android:name="android.hardware.type.watch" />
11-->src\main\AndroidManifest.xml:4:5-64
11-->src\main\AndroidManifest.xml:4:19-61
12
13    <uses-permission android:name="android.permission.WAKE_LOCK" />
13-->src\main\AndroidManifest.xml:6:5-68
13-->src\main\AndroidManifest.xml:6:22-65
14
15    <permission
15-->[androidx.core:core:1.18.0] AndroidManifest.xml:22:5-24:47
16        android:name="com.pbess.qrphotostudioultra.seizuredetector.wear.DYNAMIC_RECEIVER_NOT_EXPORTED_PERMISSION"
16-->[androidx.core:core:1.18.0] AndroidManifest.xml:23:9-81
17        android:protectionLevel="signature" />
17-->[androidx.core:core:1.18.0] AndroidManifest.xml:24:9-44
18
19    <uses-permission android:name="com.pbess.qrphotostudioultra.seizuredetector.wear.DYNAMIC_RECEIVER_NOT_EXPORTED_PERMISSION" />
19-->[androidx.core:core:1.18.0] AndroidManifest.xml:26:5-97
19-->[androidx.core:core:1.18.0] AndroidManifest.xml:26:22-94
20
21    <application
21-->src\main\AndroidManifest.xml:8:5-46:19
22        android:allowBackup="true"
22-->src\main\AndroidManifest.xml:9:9-35
23        android:appComponentFactory="androidx.core.app.CoreComponentFactory"
23-->[androidx.core:core:1.18.0] AndroidManifest.xml:28:18-86
24        android:debuggable="true"
25        android:extractNativeLibs="false"
25-->INJECTED
26        android:icon="@mipmap/ic_launcher"
26-->src\main\AndroidManifest.xml:10:9-43
27        android:label="@string/app_name"
27-->src\main\AndroidManifest.xml:11:9-41
28        android:supportsRtl="true"
28-->src\main\AndroidManifest.xml:12:9-35
29        android:theme="@android:style/Theme.DeviceDefault" >
29-->src\main\AndroidManifest.xml:13:9-59
30        <uses-library
30-->src\main\AndroidManifest.xml:15:9-17:39
31            android:name="com.google.android.wearable"
31-->src\main\AndroidManifest.xml:16:13-55
32            android:required="true" />
32-->src\main\AndroidManifest.xml:17:13-36
33
34        <meta-data
34-->src\main\AndroidManifest.xml:19:9-21:36
35            android:name="com.google.android.wearable.standalone"
35-->src\main\AndroidManifest.xml:20:13-66
36            android:value="true" />
36-->src\main\AndroidManifest.xml:21:13-33
37
38        <activity
38-->src\main\AndroidManifest.xml:23:9-32:20
39            android:name="com.pbess.qrphotostudioultra.seizuredetector.wear.WearMainActivity"
39-->src\main\AndroidManifest.xml:24:13-45
40            android:exported="true"
40-->src\main\AndroidManifest.xml:25:13-36
41            android:label="@string/app_name"
41-->src\main\AndroidManifest.xml:26:13-45
42            android:theme="@android:style/Theme.DeviceDefault" >
42-->src\main\AndroidManifest.xml:27:13-63
43            <intent-filter>
43-->src\main\AndroidManifest.xml:28:13-31:29
44                <action android:name="android.intent.action.MAIN" />
44-->src\main\AndroidManifest.xml:29:17-69
44-->src\main\AndroidManifest.xml:29:25-66
45
46                <category android:name="android.intent.category.LAUNCHER" />
46-->src\main\AndroidManifest.xml:30:17-77
46-->src\main\AndroidManifest.xml:30:27-74
47            </intent-filter>
48        </activity>
49
50        <service
50-->src\main\AndroidManifest.xml:34:9-45:19
51            android:name="com.pbess.qrphotostudioultra.seizuredetector.wear.DataLayerListenerService"
51-->src\main\AndroidManifest.xml:35:13-53
52            android:exported="true" >
52-->src\main\AndroidManifest.xml:36:13-36
53            <intent-filter>
53-->src\main\AndroidManifest.xml:37:13-44:29
54                <action android:name="com.google.android.gms.wearable.DATA_CHANGED" />
54-->src\main\AndroidManifest.xml:38:17-87
54-->src\main\AndroidManifest.xml:38:25-84
55                <action android:name="com.google.android.gms.wearable.MESSAGE_RECEIVED" />
55-->src\main\AndroidManifest.xml:39:17-91
55-->src\main\AndroidManifest.xml:39:25-88
56
57                <data
57-->src\main\AndroidManifest.xml:40:17-43:45
58                    android:host="*"
58-->src\main\AndroidManifest.xml:41:21-37
59                    android:pathPrefix="/seizure"
59-->src\main\AndroidManifest.xml:42:21-50
60                    android:scheme="wear" />
60-->src\main\AndroidManifest.xml:43:21-42
61            </intent-filter>
62        </service>
63
64        <activity
64-->[com.google.android.gms:play-services-base:18.5.0] AndroidManifest.xml:5:9-173
65            android:name="com.google.android.gms.common.api.GoogleApiActivity"
65-->[com.google.android.gms:play-services-base:18.5.0] AndroidManifest.xml:5:19-85
66            android:exported="false"
66-->[com.google.android.gms:play-services-base:18.5.0] AndroidManifest.xml:5:146-170
67            android:theme="@android:style/Theme.Translucent.NoTitleBar" />
67-->[com.google.android.gms:play-services-base:18.5.0] AndroidManifest.xml:5:86-145
68
69        <meta-data
69-->[com.google.android.gms:play-services-basement:18.4.0] AndroidManifest.xml:6:9-122
70            android:name="com.google.android.gms.version"
70-->[com.google.android.gms:play-services-basement:18.4.0] AndroidManifest.xml:6:20-65
71            android:value="@integer/google_play_services_version" />
71-->[com.google.android.gms:play-services-basement:18.4.0] AndroidManifest.xml:6:66-119
72
73        <uses-library
73-->[androidx.wear.compose:compose-foundation:1.5.0] AndroidManifest.xml:23:9-25:40
74            android:name="wear-sdk"
74-->[androidx.wear.compose:compose-foundation:1.5.0] AndroidManifest.xml:24:13-36
75            android:required="false" />
75-->[androidx.wear.compose:compose-foundation:1.5.0] AndroidManifest.xml:25:13-37
76        <uses-library
76-->[androidx.window:window:1.5.0] AndroidManifest.xml:23:9-25:40
77            android:name="androidx.window.extensions"
77-->[androidx.window:window:1.5.0] AndroidManifest.xml:24:13-54
78            android:required="false" />
78-->[androidx.window:window:1.5.0] AndroidManifest.xml:25:13-37
79        <uses-library
79-->[androidx.window:window:1.5.0] AndroidManifest.xml:26:9-28:40
80            android:name="androidx.window.sidecar"
80-->[androidx.window:window:1.5.0] AndroidManifest.xml:27:13-51
81            android:required="false" />
81-->[androidx.window:window:1.5.0] AndroidManifest.xml:28:13-37
82
83        <provider
83-->[androidx.emoji2:emoji2:1.4.0] AndroidManifest.xml:24:9-32:20
84            android:name="androidx.startup.InitializationProvider"
84-->[androidx.emoji2:emoji2:1.4.0] AndroidManifest.xml:25:13-67
85            android:authorities="com.pbess.qrphotostudioultra.seizuredetector.wear.androidx-startup"
85-->[androidx.emoji2:emoji2:1.4.0] AndroidManifest.xml:26:13-68
86            android:exported="false" >
86-->[androidx.emoji2:emoji2:1.4.0] AndroidManifest.xml:27:13-37
87            <meta-data
87-->[androidx.emoji2:emoji2:1.4.0] AndroidManifest.xml:29:13-31:52
88                android:name="androidx.emoji2.text.EmojiCompatInitializer"
88-->[androidx.emoji2:emoji2:1.4.0] AndroidManifest.xml:30:17-75
89                android:value="androidx.startup" />
89-->[androidx.emoji2:emoji2:1.4.0] AndroidManifest.xml:31:17-49
90            <meta-data
90-->[androidx.lifecycle:lifecycle-process:2.10.0] AndroidManifest.xml:29:13-31:52
91                android:name="androidx.lifecycle.ProcessLifecycleInitializer"
91-->[androidx.lifecycle:lifecycle-process:2.10.0] AndroidManifest.xml:30:17-78
92                android:value="androidx.startup" />
92-->[androidx.lifecycle:lifecycle-process:2.10.0] AndroidManifest.xml:31:17-49
93            <meta-data
93-->[androidx.profileinstaller:profileinstaller:1.4.0] AndroidManifest.xml:29:13-31:52
94                android:name="androidx.profileinstaller.ProfileInstallerInitializer"
94-->[androidx.profileinstaller:profileinstaller:1.4.0] AndroidManifest.xml:30:17-85
95                android:value="androidx.startup" />
95-->[androidx.profileinstaller:profileinstaller:1.4.0] AndroidManifest.xml:31:17-49
96        </provider>
97
98        <receiver
98-->[androidx.profileinstaller:profileinstaller:1.4.0] AndroidManifest.xml:34:9-52:20
99            android:name="androidx.profileinstaller.ProfileInstallReceiver"
99-->[androidx.profileinstaller:profileinstaller:1.4.0] AndroidManifest.xml:35:13-76
100            android:directBootAware="false"
100-->[androidx.profileinstaller:profileinstaller:1.4.0] AndroidManifest.xml:36:13-44
101            android:enabled="true"
101-->[androidx.profileinstaller:profileinstaller:1.4.0] AndroidManifest.xml:37:13-35
102            android:exported="true"
102-->[androidx.profileinstaller:profileinstaller:1.4.0] AndroidManifest.xml:38:13-36
103            android:permission="android.permission.DUMP" >
103-->[androidx.profileinstaller:profileinstaller:1.4.0] AndroidManifest.xml:39:13-57
104            <intent-filter>
104-->[androidx.profileinstaller:profileinstaller:1.4.0] AndroidManifest.xml:40:13-42:29
105                <action android:name="androidx.profileinstaller.action.INSTALL_PROFILE" />
105-->[androidx.profileinstaller:profileinstaller:1.4.0] AndroidManifest.xml:41:17-91
105-->[androidx.profileinstaller:profileinstaller:1.4.0] AndroidManifest.xml:41:25-88
106            </intent-filter>
107            <intent-filter>
107-->[androidx.profileinstaller:profileinstaller:1.4.0] AndroidManifest.xml:43:13-45:29
108                <action android:name="androidx.profileinstaller.action.SKIP_FILE" />
108-->[androidx.profileinstaller:profileinstaller:1.4.0] AndroidManifest.xml:44:17-85
108-->[androidx.profileinstaller:profileinstaller:1.4.0] AndroidManifest.xml:44:25-82
109            </intent-filter>
110            <intent-filter>
110-->[androidx.profileinstaller:profileinstaller:1.4.0] AndroidManifest.xml:46:13-48:29
111                <action android:name="androidx.profileinstaller.action.SAVE_PROFILE" />
111-->[androidx.profileinstaller:profileinstaller:1.4.0] AndroidManifest.xml:47:17-88
111-->[androidx.profileinstaller:profileinstaller:1.4.0] AndroidManifest.xml:47:25-85
112            </intent-filter>
113            <intent-filter>
113-->[androidx.profileinstaller:profileinstaller:1.4.0] AndroidManifest.xml:49:13-51:29
114                <action android:name="androidx.profileinstaller.action.BENCHMARK_OPERATION" />
114-->[androidx.profileinstaller:profileinstaller:1.4.0] AndroidManifest.xml:50:17-95
114-->[androidx.profileinstaller:profileinstaller:1.4.0] AndroidManifest.xml:50:25-92
115            </intent-filter>
116        </receiver>
117    </application>
118
119</manifest>